0 info it worked if it ends with ok
1 verbose cli [ 'D:\\Program Files\\nodejs\\node.exe',
1 verbose cli   'D:\\Program Files\\nodejs\\node_modules\\npm\\bin\\npm-cli.js',
1 verbose cli   'run',
1 verbose cli   'dev' ]
2 info using npm@3.10.10
3 info using node@v6.11.0
4 verbose run-script [ 'predev', 'dev', 'postdev' ]
5 info lifecycle webpack@1.0.0~predev: webpack@1.0.0
6 silly lifecycle webpack@1.0.0~predev: no script for predev, continuing
7 info lifecycle webpack@1.0.0~dev: webpack@1.0.0
8 verbose lifecycle webpack@1.0.0~dev: unsafe-perm in lifecycle true
9 verbose lifecycle webpack@1.0.0~dev: PATH: D:\Program Files\nodejs\node_modules\npm\bin\node-gyp-bin;D:\study\git-repo\webpack\wp\node_modules\.bin;C:\Program Files (x86)\Intel\iCLS Client\;C:\Program Files\Intel\iCLS Client\;C:\Windows\system32;C:\Windows;C:\Windows\System32\Wbem;C:\Windows\System32\WindowsPowerShell\v1.0\;C:\Program Files (x86)\Intel\Intel(R) Management Engine Components\DAL;C:\Program Files\Intel\Intel(R) Management Engine Components\DAL;C:\Program Files (x86)\Intel\Intel(R) Management Engine Components\IPT;C:\Program Files\Intel\Intel(R) Management Engine Components\IPT;C:\Program Files (x86)\NVIDIA Corporation\PhysX\Common;D:\Program Files (x86)\svn\bin;D:\mongodb\bin;D:\Program Files (x86)\Yarn\bin;D:\Program Files (x86)\mysql\bin;D:\Program Files\PuTTY\;D:\Program Files\nodejs\;D:\Program Files (x86)\mysql\bin;D:\Program Files\Redis\;D:\Program Files\SlikSvn\bin;C:\Program Files\Git\cmd;D:\Program Files\TortoiseGit\bin;C:\Users\liuxsen\AppData\Local\Programs\Python\Python36-32\Scripts\;C:\Users\liuxsen\AppData\Local\Programs\Python\Python36-32\;C:\Users\liuxsen\AppData\Local\Microsoft\WindowsApps;C:\install\Microsoft VS Code\bin;C:\Users\liuxsen\AppData\Local\Yarn\.bin;D:\Program Files (x86)\Microsoft VS Code\bin;D:\mysql5.7\bin;C:\Users\liuxsen\AppData\Roaming\npm;C:\Users\liuxsen\AppData\Local\GitHubDesktop\bin;C:\Users\liuxsen\AppData\Local\Programs\Fiddler
10 verbose lifecycle webpack@1.0.0~dev: CWD: D:\study\git-repo\webpack\wp
11 silly lifecycle webpack@1.0.0~dev: Args: [ '/d /s /c', 'node dev-server.js' ]
12 silly lifecycle webpack@1.0.0~dev: Returned: code: 1  signal: null
13 info lifecycle webpack@1.0.0~dev: Failed to exec dev script
14 verbose stack Error: webpack@1.0.0 dev: `node dev-server.js`
14 verbose stack Exit status 1
14 verbose stack     at EventEmitter.<anonymous> (D:\Program Files\nodejs\node_modules\npm\lib\utils\lifecycle.js:255:16)
14 verbose stack     at emitTwo (events.js:106:13)
14 verbose stack     at EventEmitter.emit (events.js:191:7)
14 verbose stack     at ChildProcess.<anonymous> (D:\Program Files\nodejs\node_modules\npm\lib\utils\spawn.js:40:14)
14 verbose stack     at emitTwo (events.js:106:13)
14 verbose stack     at ChildProcess.emit (events.js:191:7)
14 verbose stack     at maybeClose (internal/child_process.js:891:16)
14 verbose stack     at Process.ChildProcess._handle.onexit (internal/child_process.js:226:5)
15 verbose pkgid webpack@1.0.0
16 verbose cwd D:\study\git-repo\webpack\wp
17 error Windows_NT 10.0.14393
18 error argv "D:\\Program Files\\nodejs\\node.exe" "D:\\Program Files\\nodejs\\node_modules\\npm\\bin\\npm-cli.js" "run" "dev"
19 error node v6.11.0
20 error npm  v3.10.10
21 error code ELIFECYCLE
22 error webpack@1.0.0 dev: `node dev-server.js`
22 error Exit status 1
23 error Failed at the webpack@1.0.0 dev script 'node dev-server.js'.
23 error Make sure you have the latest version of node.js and npm installed.
23 error If you do, this is most likely a problem with the webpack package,
23 error not with npm itself.
23 error Tell the author that this fails on your system:
23 error     node dev-server.js
23 error You can get information on how to open an issue for this project with:
23 error     npm bugs webpack
23 error Or if that isn't available, you can get their info via:
23 error     npm owner ls webpack
23 error There is likely additional logging output above.
24 verbose exit [ 1, true ]
